# JRE version: OpenJDK Runtime Environment (23.0.1+11) (build 23.0.1+11-39)
# Java VM: OpenJDK 64-Bit Server VM (23.0.1+11-39, mixed mode, emulated-client, sharing, tiered, compressed oops, compressed class ptrs, g1 gc, windows-amd64)
GC Precious Log:
 CardTable entry size: 512
 Card Set container configuration: InlinePtr #cards 5 size 8 Array Of Cards #cards 10 size 36 Howl #buckets 4 coarsen threshold 1843 Howl Bitmap #cards 512 size 80 coarsen threshold 460 Card regions per heap region 1 cards per card region 2048
 CPUs: 4 total, 4 available
 Memory: 8101M
 Large Page Support: Disabled
 NUMA Support: Disabled
 Compressed Oops: Enabled (32-bit)
 Heap Region Size: 1M
 Heap Min Capacity: 8M
 Heap Initial Capacity: 128M
 Heap Max Capacity: 2026M
 Pre-touch: Disabled
 Parallel Workers: 4
 Concurrent Workers: 1
 Concurrent Refinement Workers: 4
 Periodic GC: Disabled
Heap:
 garbage-first heap   total reserved 2074624K, committed 66560K, used 33577K [0x0000000081600000, 0x0000000100000000)
  region size 1024K, 2 young (2048K), 1 survivors (1024K)
 Metaspace       used 55557K, committed 56320K, reserved 1114112K
  class space    used 8185K, committed 8512K, reserved 1048576K
GC Heap History (20 events):
Event: 5958.890 GC heap before
{Heap before GC invocations=68 (full 0):
 garbage-first heap   total reserved 2074624K, committed 66560K, used 55943K [0x0000000081600000, 0x0000000100000000)
  region size 1024K, 24 young (24576K), 1 survivors (1024K)
 Metaspace       used 55537K, committed 56320K, reserved 1114112K
  class space    used 8180K, committed 8512K, reserved 1048576K
}
Event: 5959.032 GC heap after
{Heap after GC invocations=69 (full 0):
 garbage-first heap   total reserved 2074624K, committed 66560K, used 33985K [0x0000000081600000, 0x0000000100000000)
  region size 1024K, 1 young (1024K), 1 survivors (1024K)
 Metaspace       used 55537K, committed 56320K, reserved 1114112K
  class space    used 8180K, committed 8512K, reserved 1048576K
}
Event: 6157.466 GC heap before
{Heap before GC invocations=70 (full 0):
 garbage-first heap   total reserved 2074624K, committed 66560K, used 42177K [0x0000000081600000, 0x0000000100000000)
  region size 1024K, 10 young (10240K), 1 survivors (1024K)
 Metaspace       used 55537K, committed 56320K, reserved 1114112K
  class space    used 8180K, committed 8512K, reserved 1048576K
}
Event: 6157.507 GC heap after
{Heap after GC invocations=71 (full 0):
 garbage-first heap   total reserved 2074624K, committed 66560K, used 33734K [0x0000000081600000, 0x0000000100000000)
  region size 1024K, 1 young (1024K), 1 survivors (1024K)
 Metaspace       used 55537K, committed 56320K, reserved 1114112K
  class space    used 8180K, committed 8512K, reserved 1048576K
}
Event: 6488.015 GC heap before
{Heap before GC invocations=71 (full 0):
 garbage-first heap   total reserved 2074624K, committed 66560K, used 48070K [0x0000000081600000, 0x0000000100000000)
  region size 1024K, 16 young (16384K), 1 survivors (1024K)
 Metaspace       used 55538K, committed 56320K, reserved 1114112K
  class space    used 8180K, committed 8512K, reserved 1048576K
}
Event: 6488.064 GC heap after
{Heap after GC invocations=72 (full 0):
 garbage-first heap   total reserved 2074624K, committed 66560K, used 33761K [0x0000000081600000, 0x0000000100000000)
  region size 1024K, 1 young (1024K), 1 survivors (1024K)
 Metaspace       used 55538K, committed 56320K, reserved 1114112K
  class space    used 8180K, committed 8512K, reserved 1048576K
}
Event: 7072.934 GC heap before
{Heap before GC invocations=72 (full 0):
 garbage-first heap   total reserved 2074624K, committed 66560K, used 60385K [0x0000000081600000, 0x0000000100000000)
  region size 1024K, 27 young (27648K), 1 survivors (1024K)
 Metaspace       used 55538K, committed 56320K, reserved 1114112K
  class space    used 8180K, committed 8512K, reserved 1048576K
}
Event: 7073.068 GC heap after
{Heap after GC invocations=73 (full 0):
 garbage-first heap   total reserved 2074624K, committed 66560K, used 33766K [0x0000000081600000, 0x0000000100000000)
  region size 1024K, 1 young (1024K), 1 survivors (1024K)
 Metaspace       used 55538K, committed 56320K, reserved 1114112K
  class space    used 8180K, committed 8512K, reserved 1048576K
}
Event: 7502.924 GC heap before
{Heap before GC invocations=74 (full 0):
 garbage-first heap   total reserved 2074624K, committed 66560K, used 53222K [0x0000000081600000, 0x0000000100000000)
  region size 1024K, 20 young (20480K), 1 survivors (1024K)
 Metaspace       used 55538K, committed 56320K, reserved 1114112K
  class space    used 8180K, committed 8512K, reserved 1048576K
}
Event: 7502.936 GC heap after
{Heap after GC invocations=75 (full 0):
 garbage-first heap   total reserved 2074624K, committed 66560K, used 33655K [0x0000000081600000, 0x0000000100000000)
  region size 1024K, 1 young (1024K), 1 survivors (1024K)
 Metaspace       used 55538K, committed 56320K, reserved 1114112K
  class space    used 8180K, committed 8512K, reserved 1048576K
}
Event: 8172.837 GC heap before
{Heap before GC invocations=75 (full 0):
 garbage-first heap   total reserved 2074624K, committed 66560K, used 59255K [0x0000000081600000, 0x0000000100000000)
  region size 1024K, 27 young (27648K), 1 survivors (1024K)
 Metaspace       used 55541K, committed 56320K, reserved 1114112K
  class space    used 8181K, committed 8512K, reserved 1048576K
}
Event: 8173.023 GC heap after
{Heap after GC invocations=76 (full 0):
 garbage-first heap   total reserved 2074624K, committed 66560K, used 33486K [0x0000000081600000, 0x0000000100000000)
  region size 1024K, 1 young (1024K), 1 survivors (1024K)
 Metaspace       used 55541K, committed 56320K, reserved 1114112K
  class space    used 8181K, committed 8512K, reserved 1048576K
}
Event: 8784.928 GC heap before
{Heap before GC invocations=76 (full 0):
 garbage-first heap   total reserved 2074624K, committed 66560K, used 61134K [0x0000000081600000, 0x0000000100000000)
  region size 1024K, 28 young (28672K), 1 survivors (1024K)
 Metaspace       used 55541K, committed 56320K, reserved 1114112K
  class space    used 8181K, committed 8512K, reserved 1048576K
}
Event: 8785.081 GC heap after
{Heap after GC invocations=77 (full 0):
 garbage-first heap   total reserved 2074624K, committed 66560K, used 33440K [0x0000000081600000, 0x0000000100000000)
  region size 1024K, 1 young (1024K), 1 survivors (1024K)
 Metaspace       used 55541K, committed 56320K, reserved 1114112K
  class space    used 8181K, committed 8512K, reserved 1048576K
}
Event: 9889.677 GC heap before
{Heap before GC invocations=78 (full 0):
 garbage-first heap   total reserved 2074624K, committed 66560K, used 60064K [0x0000000081600000, 0x0000000100000000)
  region size 1024K, 28 young (28672K), 1 survivors (1024K)
 Metaspace       used 55541K, committed 56320K, reserved 1114112K
  class space    used 8181K, committed 8512K, reserved 1048576K
}
Event: 9889.791 GC heap after
{Heap after GC invocations=79 (full 0):
 garbage-first heap   total reserved 2074624K, committed 66560K, used 33656K [0x0000000081600000, 0x0000000100000000)
  region size 1024K, 1 young (1024K), 1 survivors (1024K)
 Metaspace       used 55541K, committed 56320K, reserved 1114112K
  class space    used 8181K, committed 8512K, reserved 1048576K
}
Event: 11150.932 GC heap before
{Heap before GC invocations=79 (full 0):
 garbage-first heap   total reserved 2074624K, committed 66560K, used 60280K [0x0000000081600000, 0x0000000100000000)
  region size 1024K, 28 young (28672K), 1 survivors (1024K)
 Metaspace       used 55558K, committed 56320K, reserved 1114112K
  class space    used 8185K, committed 8512K, reserved 1048576K
}
Event: 11151.590 GC heap after
{Heap after GC invocations=80 (full 0):
 garbage-first heap   total reserved 2074624K, committed 66560K, used 33355K [0x0000000081600000, 0x0000000100000000)
  region size 1024K, 1 young (1024K), 1 survivors (1024K)
 Metaspace       used 55558K, committed 56320K, reserved 1114112K
  class space    used 8185K, committed 8512K, reserved 1048576K
}
Event: 19916.235 GC heap before
{Heap before GC invocations=80 (full 0):
 garbage-first heap   total reserved 2074624K, committed 66560K, used 59979K [0x0000000081600000, 0x0000000100000000)
  region size 1024K, 28 young (28672K), 1 survivors (1024K)
 Metaspace       used 55570K, committed 56320K, reserved 1114112K
  class space    used 8188K, committed 8512K, reserved 1048576K
}
Event: 19917.032 GC heap after
{Heap after GC invocations=81 (full 0):
 garbage-first heap   total reserved 2074624K, committed 66560K, used 33577K [0x0000000081600000, 0x0000000100000000)
  region size 1024K, 1 young (1024K), 1 survivors (1024K)
 Metaspace       used 55570K, committed 56320K, reserved 1114112K
  class space    used 8188K, committed 8512K, reserved 1048576K
}

