<?xml version="1.0" encoding="UTF-8"?>
<testsuite xmlns:xsi="http://www.w3.org/2001/XMLSchema-instance" xsi:noNamespaceSchemaLocation="https://maven.apache.org/surefire/maven-surefire-plugin/xsd/surefire-test-report.xsd" version="3.0.2" name="tn.esprit.gestion_pfe.GestionPfeApplicationTests" time="20.917" tests="1" errors="0" skipped="0" failures="0">
  <properties>
[...]
</properties>
  <testcase name="contextLoads" classname="tn.esprit.gestion_pfe.GestionPfeApplicationTests" time="0.792">
    <system-out><![CDATA[10:37:09.484 [main] INFO org.springframework.test.context.support.AnnotationConfigContextLoaderUtils -- Could not detect default configuration classes for test class [tn.esprit.gestion_pfe.GestionPfeApplicationTests]: GestionPfeApplicationTests does not declare any static, non-private, non-final, nested classes annotated with @Configuration.
10:37:09.658 [main] INFO org.springframework.boot.test.context.SpringBootTestContextBootstrapper -- Found @SpringBootConfiguration tn.esprit.gestion_pfe.GestionPfeApplication for test class tn.esprit.gestion_pfe.GestionPfeApplicationTests

  .   ____          _            __ _ _
 /\\ / ___'_ __ _ _(_)_ __  __ _ \ \ \ \
( ( )\___ | '_ | '_| | '_ \/ _` | \ \ \ \
 \\/  ___)| |_)| | | | | || (_| |  ) ) ) )
  '  |____| .__|_| |_|_| |_\__, | / / / /
 =========|_|==============|___/=/_/_/_/

 :: Spring Boot ::                (v3.4.3)

2025-05-09T10:37:11.837+01:00  INFO 18036 --- [Gestion_Pfe] [           main] t.e.g.GestionPfeApplicationTests         : Starting GestionPfeApplicationTests using Java 17.0.8.1 with PID 18036 (started by banno in C:\Users\banno\OneDrive\Bureau\new crm project\Coding_Factory_Backend\Gestion_Pfe)
2025-05-09T10:37:11.842+01:00  INFO 18036 --- [Gestion_Pfe] [           main] t.e.g.GestionPfeApplicationTests         : No active profile set, falling back to 1 default profile: "default"
2025-05-09T10:37:14.270+01:00  INFO 18036 --- [Gestion_Pfe] [           main] .s.d.r.c.RepositoryConfigurationDelegate : Bootstrapping Spring Data JPA repositories in DEFAULT mode.
2025-05-09T10:37:14.540+01:00  INFO 18036 --- [Gestion_Pfe] [           main] .s.d.r.c.RepositoryConfigurationDelegate : Finished Spring Data repository scanning in 254 ms. Found 3 JPA repository interfaces.
2025-05-09T10:37:15.406+01:00  INFO 18036 --- [Gestion_Pfe] [           main] o.s.cloud.context.scope.GenericScope     : BeanFactory id=4fca220e-3059-35fa-a207-fde3333114d7
2025-05-09T10:37:16.935+01:00  INFO 18036 --- [Gestion_Pfe] [           main] o.hibernate.jpa.internal.util.LogHelper  : HHH000204: Processing PersistenceUnitInfo [name: default]
2025-05-09T10:37:17.106+01:00  INFO 18036 --- [Gestion_Pfe] [           main] org.hibernate.Version                    : HHH000412: Hibernate ORM core version 6.6.8.Final
2025-05-09T10:37:17.190+01:00  INFO 18036 --- [Gestion_Pfe] [           main] o.h.c.internal.RegionFactoryInitiator    : HHH000026: Second-level cache disabled
2025-05-09T10:37:17.789+01:00  INFO 18036 --- [Gestion_Pfe] [           main] o.s.o.j.p.SpringPersistenceUnitInfo      : No LoadTimeWeaver setup: ignoring JPA class transformer
2025-05-09T10:37:17.843+01:00  INFO 18036 --- [Gestion_Pfe] [           main] com.zaxxer.hikari.HikariDataSource       : HikariPool-1 - Starting...
2025-05-09T10:37:18.360+01:00  INFO 18036 --- [Gestion_Pfe] [           main] com.zaxxer.hikari.pool.HikariPool        : HikariPool-1 - Added connection com.mysql.cj.jdbc.ConnectionImpl@53654b2d
2025-05-09T10:37:18.363+01:00  INFO 18036 --- [Gestion_Pfe] [           main] com.zaxxer.hikari.HikariDataSource       : HikariPool-1 - Start completed.
2025-05-09T10:37:18.493+01:00  WARN 18036 --- [Gestion_Pfe] [           main] org.hibernate.orm.deprecation            : HHH90000025: MySQL8Dialect does not need to be specified explicitly using 'hibernate.dialect' (remove the property setting and it will be selected by default)
2025-05-09T10:37:18.495+01:00  WARN 18036 --- [Gestion_Pfe] [           main] org.hibernate.orm.deprecation            : HHH90000026: MySQL8Dialect has been deprecated; use org.hibernate.dialect.MySQLDialect instead
2025-05-09T10:37:18.536+01:00  INFO 18036 --- [Gestion_Pfe] [           main] org.hibernate.orm.connections.pooling    : HHH10001005: Database info:
	Database JDBC URL [Connecting through datasource 'HikariDataSource (HikariPool-1)']
	Database driver: undefined/unknown
	Database version: 8.0
	Autocommit mode: undefined/unknown
	Isolation level: undefined/unknown
	Minimum pool size: undefined/unknown
	Maximum pool size: undefined/unknown
2025-05-09T10:37:19.899+01:00  INFO 18036 --- [Gestion_Pfe] [           main] o.h.e.t.j.p.i.JtaPlatformInitiator       : HHH000489: No JTA platform available (set 'hibernate.transaction.jta.platform' to enable JTA platform integration)
Hibernate: create table chatbot_history (id bigint not null auto_increment, conversation TEXT, created_at datetime(6) not null, feedback varchar(255), popularity_score float(53), predicted_level varchar(255), primary key (id)) engine=InnoDB
Hibernate: create table feedback (id bigint not null auto_increment, author varchar(255), comment varchar(255), date datetime(6), pfe_id bigint, primary key (id)) engine=InnoDB
Hibernate: create table pfe (id bigint not null auto_increment, category enum ('AI','CLOUD','DATA_SCIENCE','SECURITY','WEB_DEVELOPMENT'), description varchar(255), end_date datetime(6), level enum ('INGENIEUR','LICENCE','MASTER'), meeting_date datetime(6), meeting_link varchar(255), meeting_notes varchar(255), partner_id integer, project_title varchar(255), start_date datetime(6), status enum ('EN_COURS','REFUSE','TERMINE','VALIDE'), student_id integer, trainer_id integer, primary key (id)) engine=InnoDB
Hibernate: create table pfe_documents (pfe_id bigint not null, documents varchar(255)) engine=InnoDB
Hibernate: create table pfe_jury_names (pfe_id bigint not null, jury_names varchar(255)) engine=InnoDB
Hibernate: create table pfe_meeting_dates (pfe_id bigint not null, meeting_dates datetime(6)) engine=InnoDB
Hibernate: alter table feedback add constraint FKhc1ka17kivws0da6bem5ik8ac foreign key (pfe_id) references pfe (id)
Hibernate: alter table pfe_documents add constraint FKm0pe71ytfawyi884rou8o6lxi foreign key (pfe_id) references pfe (id)
Hibernate: alter table pfe_jury_names add constraint FKox5mhfirqx9ecujo3miwy6ecp foreign key (pfe_id) references pfe (id)
Hibernate: alter table pfe_meeting_dates add constraint FKfhgtt745nbd1leed7kx2f9uch foreign key (pfe_id) references pfe (id)
2025-05-09T10:37:20.232+01:00  INFO 18036 --- [Gestion_Pfe] [           main] j.LocalContainerEntityManagerFactoryBean : Initialized JPA EntityManagerFactory for persistence unit 'default'
2025-05-09T10:37:22.189+01:00  WARN 18036 --- [Gestion_Pfe] [           main] JpaBaseConfiguration$JpaWebConfiguration : spring.jpa.open-in-view is enabled by default. Therefore, database queries may be performed during view rendering. Explicitly configure spring.jpa.open-in-view to disable this warning
2025-05-09T10:37:22.910+01:00  INFO 18036 --- [Gestion_Pfe] [           main] o.s.v.b.OptionalValidatorFactoryBean     : Failed to set up a Bean Validation provider: jakarta.validation.NoProviderFoundException: Unable to create a Configuration, because no Jakarta Bean Validation provider could be found. Add a provider like Hibernate Validator (RI) to your classpath.
2025-05-09T10:37:25.723+01:00  INFO 18036 --- [Gestion_Pfe] [           main] o.s.cloud.commons.util.InetUtils         : Cannot determine local hostname
2025-05-09T10:37:28.169+01:00  INFO 18036 --- [Gestion_Pfe] [           main] o.s.cloud.commons.util.InetUtils         : Cannot determine local hostname
2025-05-09T10:37:28.217+01:00  INFO 18036 --- [Gestion_Pfe] [           main] DiscoveryClientOptionalArgsConfiguration : Eureka HTTP Client uses RestTemplate.
2025-05-09T10:37:28.364+01:00  WARN 18036 --- [Gestion_Pfe] [           main] iguration$LoadBalancerCaffeineWarnLogger : Spring Cloud LoadBalancer is currently working with the default cache. While this cache implementation is useful for development and tests, it's recommended to use Caffeine cache in production.You can switch to using Caffeine cache, by adding it and org.springframework.cache.caffeine.CaffeineCacheManager to the classpath.
2025-05-09T10:37:28.452+01:00  INFO 18036 --- [Gestion_Pfe] [           main] o.s.b.a.e.web.EndpointLinksResolver      : Exposing 1 endpoint beneath base path '/actuator'
2025-05-09T10:37:28.595+01:00  INFO 18036 --- [Gestion_Pfe] [           main] o.s.c.n.eureka.InstanceInfoFactory       : Setting initial instance status as: STARTING
2025-05-09T10:37:28.642+01:00  INFO 18036 --- [Gestion_Pfe] [           main] com.netflix.discovery.DiscoveryClient    : Initializing Eureka in region us-east-1
2025-05-09T10:37:28.649+01:00  INFO 18036 --- [Gestion_Pfe] [           main] c.n.d.s.r.aws.ConfigClusterResolver      : Resolving eureka endpoints via configuration
2025-05-09T10:37:28.665+01:00  INFO 18036 --- [Gestion_Pfe] [           main] com.netflix.discovery.DiscoveryClient    : Disable delta property : false
2025-05-09T10:37:28.665+01:00  INFO 18036 --- [Gestion_Pfe] [           main] com.netflix.discovery.DiscoveryClient    : Single vip registry refresh property : null
2025-05-09T10:37:28.665+01:00  INFO 18036 --- [Gestion_Pfe] [           main] com.netflix.discovery.DiscoveryClient    : Force full registry fetch : false
2025-05-09T10:37:28.665+01:00  INFO 18036 --- [Gestion_Pfe] [           main] com.netflix.discovery.DiscoveryClient    : Application is null : false
2025-05-09T10:37:28.665+01:00  INFO 18036 --- [Gestion_Pfe] [           main] com.netflix.discovery.DiscoveryClient    : Registered Applications size is zero : true
2025-05-09T10:37:28.666+01:00  INFO 18036 --- [Gestion_Pfe] [           main] com.netflix.discovery.DiscoveryClient    : Application version is -1: true
2025-05-09T10:37:28.666+01:00  INFO 18036 --- [Gestion_Pfe] [           main] com.netflix.discovery.DiscoveryClient    : Getting all instance registry info from the eureka server
2025-05-09T10:37:29.220+01:00  INFO 18036 --- [Gestion_Pfe] [           main] com.netflix.discovery.DiscoveryClient    : The response status is 200
2025-05-09T10:37:29.223+01:00  INFO 18036 --- [Gestion_Pfe] [           main] com.netflix.discovery.DiscoveryClient    : Starting heartbeat executor: renew interval is: 30
2025-05-09T10:37:29.226+01:00  INFO 18036 --- [Gestion_Pfe] [           main] c.n.discovery.InstanceInfoReplicator     : InstanceInfoReplicator onDemand update allowed rate per min is 4
2025-05-09T10:37:29.228+01:00  INFO 18036 --- [Gestion_Pfe] [           main] com.netflix.discovery.DiscoveryClient    : Discovery Client initialized at timestamp 1746783449228 with initial instances count: 2
2025-05-09T10:37:29.242+01:00  INFO 18036 --- [Gestion_Pfe] [           main] o.s.c.n.e.s.EurekaServiceRegistry        : Registering application GESTION_PFE with eureka with status UP
2025-05-09T10:37:29.242+01:00  INFO 18036 --- [Gestion_Pfe] [           main] com.netflix.discovery.DiscoveryClient    : Saw local status change event StatusChangeEvent [timestamp=1746783449242, current=UP, previous=STARTING]
2025-05-09T10:37:29.246+01:00  INFO 18036 --- [Gestion_Pfe] [foReplicator-%d] com.netflix.discovery.DiscoveryClient    : DiscoveryClient_GESTION_PFE/localhost:Gestion_Pfe:8081: registering service...
2025-05-09T10:37:29.278+01:00  INFO 18036 --- [Gestion_Pfe] [           main] t.e.g.GestionPfeApplicationTests         : Started GestionPfeApplicationTests in 19.206 seconds (process running for 21.074)
2025-05-09T10:37:29.311+01:00  INFO 18036 --- [Gestion_Pfe] [foReplicator-%d] com.netflix.discovery.DiscoveryClient    : DiscoveryClient_GESTION_PFE/localhost:Gestion_Pfe:8081 - registration status: 204
]]></system-out>
  </testcase>
</testsuite>