<?xml version="1.0" encoding="UTF-8"?>
<testsuite xmlns:xsi="http://www.w3.org/2001/XMLSchema-instance" xsi:noNamespaceSchemaLocation="https://maven.apache.org/surefire/maven-surefire-plugin/xsd/surefire-test-report.xsd" version="3.0.2" name="tn.esprit.gestion_pfe.GestionPfeApplicationTests" time="48.996" tests="1" errors="0" skipped="0" failures="0">
  <properties>
[...]
</properties>
  <testcase name="contextLoads" classname="tn.esprit.gestion_pfe.GestionPfeApplicationTests" time="5.508">
    <system-out><![CDATA[00:10:28.428 [main] INFO org.springframework.test.context.support.AnnotationConfigContextLoaderUtils -- Could not detect default configuration classes for test class [tn.esprit.gestion_pfe.GestionPfeApplicationTests]: GestionPfeApplicationTests does not declare any static, non-private, non-final, nested classes annotated with @Configuration.
00:10:29.024 [main] INFO org.springframework.boot.test.context.SpringBootTestContextBootstrapper -- Found @SpringBootConfiguration tn.esprit.gestion_pfe.GestionPfeApplication for test class tn.esprit.gestion_pfe.GestionPfeApplicationTests

  .   ____          _            __ _ _
 /\\ / ___'_ __ _ _(_)_ __  __ _ \ \ \ \
( ( )\___ | '_ | '_| | '_ \/ _` | \ \ \ \
 \\/  ___)| |_)| | | | | || (_| |  ) ) ) )
  '  |____| .__|_| |_|_| |_\__, | / / / /
 =========|_|==============|___/=/_/_/_/

 :: Spring Boot ::                (v3.4.3)

2025-03-13T00:10:32.101+01:00  INFO 11796 --- [Gestion_Pfe] [           main] t.e.g.GestionPfeApplicationTests         : Starting GestionPfeApplicationTests using Java 17.0.12 with PID 11796 (started by Admin in C:\Users\Admin\Coding_Factory_Backend-main\Gestion_Pfe)
2025-03-13T00:10:32.105+01:00  INFO 11796 --- [Gestion_Pfe] [           main] t.e.g.GestionPfeApplicationTests         : No active profile set, falling back to 1 default profile: "default"
2025-03-13T00:10:36.195+01:00  INFO 11796 --- [Gestion_Pfe] [           main] .s.d.r.c.RepositoryConfigurationDelegate : Bootstrapping Spring Data JPA repositories in DEFAULT mode.
2025-03-13T00:10:36.737+01:00  INFO 11796 --- [Gestion_Pfe] [           main] .s.d.r.c.RepositoryConfigurationDelegate : Finished Spring Data repository scanning in 486 ms. Found 2 JPA repository interfaces.
2025-03-13T00:10:37.746+01:00  INFO 11796 --- [Gestion_Pfe] [           main] o.s.cloud.context.scope.GenericScope     : BeanFactory id=3790be98-7509-32db-b35c-6d0d2be4d038
2025-03-13T00:10:40.883+01:00  INFO 11796 --- [Gestion_Pfe] [           main] o.hibernate.jpa.internal.util.LogHelper  : HHH000204: Processing PersistenceUnitInfo [name: default]
2025-03-13T00:10:42.970+01:00  INFO 11796 --- [Gestion_Pfe] [           main] org.hibernate.Version                    : HHH000412: Hibernate ORM core version 6.6.8.Final
2025-03-13T00:10:43.256+01:00  INFO 11796 --- [Gestion_Pfe] [           main] o.h.c.internal.RegionFactoryInitiator    : HHH000026: Second-level cache disabled
2025-03-13T00:10:47.737+01:00  INFO 11796 --- [Gestion_Pfe] [           main] o.s.o.j.p.SpringPersistenceUnitInfo      : No LoadTimeWeaver setup: ignoring JPA class transformer
2025-03-13T00:10:48.036+01:00  INFO 11796 --- [Gestion_Pfe] [           main] com.zaxxer.hikari.HikariDataSource       : HikariPool-1 - Starting...
2025-03-13T00:10:48.515+01:00  INFO 11796 --- [Gestion_Pfe] [           main] com.zaxxer.hikari.pool.HikariPool        : HikariPool-1 - Added connection com.mysql.cj.jdbc.ConnectionImpl@261b6c8c
2025-03-13T00:10:48.520+01:00  INFO 11796 --- [Gestion_Pfe] [           main] com.zaxxer.hikari.HikariDataSource       : HikariPool-1 - Start completed.
2025-03-13T00:10:48.690+01:00  WARN 11796 --- [Gestion_Pfe] [           main] org.hibernate.orm.deprecation            : HHH90000025: MySQL8Dialect does not need to be specified explicitly using 'hibernate.dialect' (remove the property setting and it will be selected by default)
2025-03-13T00:10:48.695+01:00  WARN 11796 --- [Gestion_Pfe] [           main] org.hibernate.orm.deprecation            : HHH90000026: MySQL8Dialect has been deprecated; use org.hibernate.dialect.MySQLDialect instead
2025-03-13T00:10:48.767+01:00  INFO 11796 --- [Gestion_Pfe] [           main] org.hibernate.orm.connections.pooling    : HHH10001005: Database info:
	Database JDBC URL [Connecting through datasource 'HikariDataSource (HikariPool-1)']
	Database driver: undefined/unknown
	Database version: 8.0
	Autocommit mode: undefined/unknown
	Isolation level: undefined/unknown
	Minimum pool size: undefined/unknown
	Maximum pool size: undefined/unknown
2025-03-13T00:10:57.491+01:00  INFO 11796 --- [Gestion_Pfe] [           main] o.h.e.t.j.p.i.JtaPlatformInitiator       : HHH000489: No JTA platform available (set 'hibernate.transaction.jta.platform' to enable JTA platform integration)
2025-03-13T00:10:58.761+01:00  INFO 11796 --- [Gestion_Pfe] [           main] j.LocalContainerEntityManagerFactoryBean : Initialized JPA EntityManagerFactory for persistence unit 'default'
2025-03-13T00:11:02.067+01:00  WARN 11796 --- [Gestion_Pfe] [           main] JpaBaseConfiguration$JpaWebConfiguration : spring.jpa.open-in-view is enabled by default. Therefore, database queries may be performed during view rendering. Explicitly configure spring.jpa.open-in-view to disable this warning
2025-03-13T00:11:02.871+01:00  INFO 11796 --- [Gestion_Pfe] [           main] o.s.v.b.OptionalValidatorFactoryBean     : Failed to set up a Bean Validation provider: jakarta.validation.NoProviderFoundException: Unable to create a Configuration, because no Jakarta Bean Validation provider could be found. Add a provider like Hibernate Validator (RI) to your classpath.
2025-03-13T00:11:07.355+01:00  INFO 11796 --- [Gestion_Pfe] [           main] DiscoveryClientOptionalArgsConfiguration : Eureka HTTP Client uses RestTemplate.
2025-03-13T00:11:07.537+01:00  WARN 11796 --- [Gestion_Pfe] [           main] iguration$LoadBalancerCaffeineWarnLogger : Spring Cloud LoadBalancer is currently working with the default cache. While this cache implementation is useful for development and tests, it's recommended to use Caffeine cache in production.You can switch to using Caffeine cache, by adding it and org.springframework.cache.caffeine.CaffeineCacheManager to the classpath.
2025-03-13T00:11:07.569+01:00  INFO 11796 --- [Gestion_Pfe] [           main] o.s.b.a.e.web.EndpointLinksResolver      : Exposing 1 endpoint beneath base path '/actuator'
2025-03-13T00:11:07.924+01:00  INFO 11796 --- [Gestion_Pfe] [           main] o.s.c.n.eureka.InstanceInfoFactory       : Setting initial instance status as: STARTING
2025-03-13T00:11:07.999+01:00  INFO 11796 --- [Gestion_Pfe] [           main] com.netflix.discovery.DiscoveryClient    : Initializing Eureka in region us-east-1
2025-03-13T00:11:08.009+01:00  INFO 11796 --- [Gestion_Pfe] [           main] c.n.d.s.r.aws.ConfigClusterResolver      : Resolving eureka endpoints via configuration
2025-03-13T00:11:08.043+01:00  INFO 11796 --- [Gestion_Pfe] [           main] com.netflix.discovery.DiscoveryClient    : Disable delta property : false
2025-03-13T00:11:08.045+01:00  INFO 11796 --- [Gestion_Pfe] [           main] com.netflix.discovery.DiscoveryClient    : Single vip registry refresh property : null
2025-03-13T00:11:08.046+01:00  INFO 11796 --- [Gestion_Pfe] [           main] com.netflix.discovery.DiscoveryClient    : Force full registry fetch : false
2025-03-13T00:11:08.046+01:00  INFO 11796 --- [Gestion_Pfe] [           main] com.netflix.discovery.DiscoveryClient    : Application is null : false
2025-03-13T00:11:08.046+01:00  INFO 11796 --- [Gestion_Pfe] [           main] com.netflix.discovery.DiscoveryClient    : Registered Applications size is zero : true
2025-03-13T00:11:08.046+01:00  INFO 11796 --- [Gestion_Pfe] [           main] com.netflix.discovery.DiscoveryClient    : Application version is -1: true
2025-03-13T00:11:08.047+01:00  INFO 11796 --- [Gestion_Pfe] [           main] com.netflix.discovery.DiscoveryClient    : Getting all instance registry info from the eureka server
2025-03-13T00:11:09.259+01:00  INFO 11796 --- [Gestion_Pfe] [           main] com.netflix.discovery.DiscoveryClient    : The response status is 200
2025-03-13T00:11:09.265+01:00  INFO 11796 --- [Gestion_Pfe] [           main] com.netflix.discovery.DiscoveryClient    : Starting heartbeat executor: renew interval is: 30
2025-03-13T00:11:09.271+01:00  INFO 11796 --- [Gestion_Pfe] [           main] c.n.discovery.InstanceInfoReplicator     : InstanceInfoReplicator onDemand update allowed rate per min is 4
2025-03-13T00:11:09.278+01:00  INFO 11796 --- [Gestion_Pfe] [           main] com.netflix.discovery.DiscoveryClient    : Discovery Client initialized at timestamp 1741821069275 with initial instances count: 2
2025-03-13T00:11:09.294+01:00  INFO 11796 --- [Gestion_Pfe] [           main] o.s.c.n.e.s.EurekaServiceRegistry        : Registering application GESTION_PFE with eureka with status UP
2025-03-13T00:11:09.295+01:00  INFO 11796 --- [Gestion_Pfe] [           main] com.netflix.discovery.DiscoveryClient    : Saw local status change event StatusChangeEvent [timestamp=1741821069294, current=UP, previous=STARTING]
2025-03-13T00:11:09.300+01:00  INFO 11796 --- [Gestion_Pfe] [foReplicator-%d] com.netflix.discovery.DiscoveryClient    : DiscoveryClient_GESTION_PFE/DESKTOP-N9JJQ4O:Gestion_Pfe:8081: registering service...
2025-03-13T00:11:09.364+01:00  INFO 11796 --- [Gestion_Pfe] [           main] t.e.g.GestionPfeApplicationTests         : Started GestionPfeApplicationTests in 38.522 seconds (process running for 47.477)
2025-03-13T00:11:09.469+01:00  INFO 11796 --- [Gestion_Pfe] [foReplicator-%d] com.netflix.discovery.DiscoveryClient    : DiscoveryClient_GESTION_PFE/DESKTOP-N9JJQ4O:Gestion_Pfe:8081 - registration status: 204
]]></system-out>
  </testcase>
</testsuite>